<?xml version="1.0" encoding="UTF-8"?>
<testng-results ignored="0" total="5" passed="5" failed="0" skipped="0">
  <reporter-output>
  </reporter-output>
  <suite started-at="2025-08-11T09:14:40 IST" name="SwagLabsSuite" finished-at="2025-08-11T09:15:10 IST" duration-ms="29889">
    <groups>
    </groups>
    <test started-at="2025-08-11T09:14:40 IST" name="LoginTest" finished-at="2025-08-11T09:14:49 IST" duration-ms="8574">
      <class name="Tests.LoginTest">
        <test-method signature="testInvalidLogin()[pri:1, instance:Tests.LoginTest@4c402120]" started-at="2025-08-11T09:14:40 IST" name="testInvalidLogin" finished-at="2025-08-11T09:14:45 IST" duration-ms="5259" status="PASS">
          <reporter-output>
          </reporter-output>
        </test-method> <!-- testInvalidLogin -->
        <test-method signature="testValidLogin()[pri:2, instance:Tests.LoginTest@4c402120]" started-at="2025-08-11T09:14:45 IST" name="testValidLogin" finished-at="2025-08-11T09:14:49 IST" duration-ms="3278" status="PASS">
          <reporter-output>
          </reporter-output>
        </test-method> <!-- testValidLogin -->
      </class> <!-- Tests.LoginTest -->
    </test> <!-- LoginTest -->
    <test started-at="2025-08-11T09:14:49 IST" name="HomePageTest" finished-at="2025-08-11T09:14:54 IST" duration-ms="5628">
      <class name="Tests.HomePageTest">
        <test-method signature="testGetAllTitlesAndSelectOnesie()[pri:0, instance:Tests.HomePageTest@6ad82709]" started-at="2025-08-11T09:14:49 IST" name="testGetAllTitlesAndSelectOnesie" finished-at="2025-08-11T09:14:54 IST" duration-ms="5625" status="PASS">
          <reporter-output>
          </reporter-output>
        </test-method> <!-- testGetAllTitlesAndSelectOnesie -->
      </class> <!-- Tests.HomePageTest -->
    </test> <!-- HomePageTest -->
    <test started-at="2025-08-11T09:14:54 IST" name="ProductPageTest" finished-at="2025-08-11T09:14:59 IST" duration-ms="4082">
      <class name="Tests.ProductPageTest">
        <test-method signature="testAddToCartAndOpenCart()[pri:0, instance:Tests.ProductPageTest@2362f559]" started-at="2025-08-11T09:14:54 IST" name="testAddToCartAndOpenCart" finished-at="2025-08-11T09:14:59 IST" duration-ms="4078" status="PASS">
          <reporter-output>
          </reporter-output>
        </test-method> <!-- testAddToCartAndOpenCart -->
      </class> <!-- Tests.ProductPageTest -->
    </test> <!-- ProductPageTest -->
    <test started-at="2025-08-11T09:14:59 IST" name="CartPageTest" finished-at="2025-08-11T09:15:10 IST" duration-ms="11531">
      <class name="Tests.CartPageTest">
        <test-method is-config="true" signature="setUp()[pri:0, instance:Tests.CartPageTest@247bddad]" started-at="2025-08-11T09:14:35 IST" name="setUp" finished-at="2025-08-11T09:14:40 IST" duration-ms="5516" status="PASS">
          <reporter-output>
          </reporter-output>
        </test-method> <!-- setUp -->
        <test-method signature="testCheckoutFlow()[pri:0, instance:Tests.CartPageTest@247bddad]" started-at="2025-08-11T09:14:59 IST" name="testCheckoutFlow" finished-at="2025-08-11T09:15:10 IST" duration-ms="11527" status="PASS">
          <reporter-output>
          </reporter-output>
        </test-method> <!-- testCheckoutFlow -->
        <test-method is-config="true" signature="tearDown()[pri:0, instance:Tests.CartPageTest@247bddad]" started-at="2025-08-11T09:15:10 IST" name="tearDown" finished-at="2025-08-11T09:15:11 IST" duration-ms="659" status="PASS">
          <reporter-output>
          </reporter-output>
        </test-method> <!-- tearDown -->
      </class> <!-- Tests.CartPageTest -->
    </test> <!-- CartPageTest -->
  </suite> <!-- SwagLabsSuite -->
</testng-results>
