<?xml version="1.0" encoding="UTF-8"?>
<!-- Generated by org.testng.reporters.JUnitXMLReporter -->
<testsuite ignored="0" hostname="LAKSHANW-LAP" failures="0" tests="3" name="HomePageTest" time="8.278" errors="0" timestamp="2025-08-11T18:11:29 IST">
  <testcase classname="Tests.HomePageTest" name="testGetAllTitlesAndSelectOnesie" time="1.213"/>
  <testcase classname="Tests.HomePageTest" name="testTapAllHomePageActions" time="5.174"/>
  <testcase classname="Tests.HomePageTest" name="selectTheItems" time="1.883"/>
</testsuite> <!-- HomePageTest -->
