<?xml version="1.0" encoding="UTF-8"?>
<!-- Generated by org.testng.reporters.JUnitXMLReporter -->
<testsuite ignored="0" hostname="LAKSHANW-LAP" failures="0" tests="3" name="HomePageTest" time="9.004" errors="0" timestamp="2025-08-11T21:49:42 IST">
  <testcase classname="Tests.HomePageTest" name="testGetAllTitlesAndSelectOnesie" time="0.33"/>
  <testcase classname="Tests.HomePageTest" name="testTapAllHomePageActions" time="6.884"/>
  <testcase classname="Tests.HomePageTest" name="selectTheItems" time="1.784"/>
</testsuite> <!-- HomePageTest -->
