<?xml version="1.0" encoding="UTF-8"?>
<!-- Generated by org.testng.reporters.JUnitXMLReporter -->
<testsuite ignored="0" hostname="LAKSHANW-LAP" failures="0" tests="3" name="LoginTest" time="10.21" errors="0" timestamp="2025-08-11T21:49:33 IST">
  <testcase classname="Tests.LoginTest" name="testInvalidLogin" time="5.331"/>
  <testcase classname="Tests.LoginTest" name="testUIElementsVisibilityAndEnablement" time="0.277"/>
  <testcase classname="Tests.LoginTest" name="testValidLogin" time="4.565"/>
</testsuite> <!-- LoginTest -->
