<?xml version="1.0" encoding="UTF-8"?>
<!-- Generated by org.testng.reporters.JUnitXMLReporter -->
<testsuite ignored="0" hostname="LAKSHANW-LAP" failures="1" tests="1" name="WebViewTest" time="13.598" errors="0" timestamp="2025-08-11T11:25:58 IST">
  <testcase classname="Tests.WebViewTest" name="testWebViewNavigation" time="13.593">
    <failure type="org.openqa.selenium.UnsupportedCommandException" message="submitElement
Build info: version: &amp;apos;4.34.0&amp;apos;, revision: &amp;apos;707dcb4246*&amp;apos;
System info: os.name: &amp;apos;Windows 11&amp;apos;, os.arch: &amp;apos;amd64&amp;apos;, os.version: &amp;apos;10.0&amp;apos;, java.version: &amp;apos;21.0.8&amp;apos;
Driver info: io.appium.java_client.android.AndroidDriver
Command: [07da5570-d201-4177-8005-07eb32ce0ee7, submitElement {id=f.71FC0ABCB51C07C711A62D46565CFC67.d.8FB93917431D1E35B1F3280553F8BEC6.e.4}]
Capabilities {appium:appActivity: com.swaglabsmobileapp.MainA..., appium:appPackage: com.swaglabsmobileapp, appium:automationName: UiAutomator2, appium:databaseEnabled: false, appium:desired: {appActivity: com.swaglabsmobileapp.MainA..., appPackage: com.swaglabsmobileapp, automationName: UiAutomator2, deviceName: Android Emulator, newCommandTimeout: 300, platformName: ANDROID}, appium:deviceApiLevel: 36, appium:deviceManufacturer: Google, appium:deviceModel: sdk_gphone64_x86_64, appium:deviceName: emulator-5554, appium:deviceScreenDensity: 420, appium:deviceScreenSize: 1080x2400, appium:deviceUDID: emulator-5554, appium:javascriptEnabled: true, appium:locationContextEnabled: false, appium:networkConnectionEnabled: true, appium:newCommandTimeout: 300, appium:pixelRatio: 2.625, appium:platformVersion: 16, appium:statBarHeight: 132, appium:takesScreenshot: true, appium:viewportRect: {height: 2268, left: 0, top: 132, width: 1080}, appium:warnings: {}, appium:webStorageEnabled: false, platformName: ANDROID}
Element: [[AndroidDriver:  on ANDROID (07da5570-d201-4177-8005-07eb32ce0ee7)] -&amp;gt; class name: gLFyf]
Session ID: 07da5570-d201-4177-8005-07eb32ce0ee7">
      <![CDATA[org.openqa.selenium.UnsupportedCommandException: submitElement
Build info: version: '4.34.0', revision: '707dcb4246*'
System info: os.name: 'Windows 11', os.arch: 'amd64', os.version: '10.0', java.version: '21.0.8'
Driver info: io.appium.java_client.android.AndroidDriver
Command: [07da5570-d201-4177-8005-07eb32ce0ee7, submitElement {id=f.71FC0ABCB51C07C711A62D46565CFC67.d.8FB93917431D1E35B1F3280553F8BEC6.e.4}]
Capabilities {appium:appActivity: com.swaglabsmobileapp.MainA..., appium:appPackage: com.swaglabsmobileapp, appium:automationName: UiAutomator2, appium:databaseEnabled: false, appium:desired: {appActivity: com.swaglabsmobileapp.MainA..., appPackage: com.swaglabsmobileapp, automationName: UiAutomator2, deviceName: Android Emulator, newCommandTimeout: 300, platformName: ANDROID}, appium:deviceApiLevel: 36, appium:deviceManufacturer: Google, appium:deviceModel: sdk_gphone64_x86_64, appium:deviceName: emulator-5554, appium:deviceScreenDensity: 420, appium:deviceScreenSize: 1080x2400, appium:deviceUDID: emulator-5554, appium:javascriptEnabled: true, appium:locationContextEnabled: false, appium:networkConnectionEnabled: true, appium:newCommandTimeout: 300, appium:pixelRatio: 2.625, appium:platformVersion: 16, appium:statBarHeight: 132, appium:takesScreenshot: true, appium:viewportRect: {height: 2268, left: 0, top: 132, width: 1080}, appium:warnings: {}, appium:webStorageEnabled: false, platformName: ANDROID}
Element: [[AndroidDriver:  on ANDROID (07da5570-d201-4177-8005-07eb32ce0ee7)] -> class name: gLFyf]
Session ID: 07da5570-d201-4177-8005-07eb32ce0ee7
at org.openqa.selenium.remote.codec.AbstractHttpCommandCodec.encode(AbstractHttpCommandCodec.java:228)
at org.openqa.selenium.remote.codec.AbstractHttpCommandCodec.encode(AbstractHttpCommandCodec.java:109)
at org.openqa.selenium.remote.HttpCommandExecutor.execute(HttpCommandExecutor.java:203)
at io.appium.java_client.remote.AppiumCommandExecutor.execute(AppiumCommandExecutor.java:244)
at org.openqa.selenium.remote.RemoteWebDriver.execute(RemoteWebDriver.java:544)
at org.openqa.selenium.remote.RemoteWebElement.execute(RemoteWebElement.java:223)
at org.openqa.selenium.remote.RemoteWebElement.submit(RemoteWebElement.java:82)
at Pages.WebViewPage.searchAppiumAndTapFirstResult(WebViewPage.java:77)
at Tests.WebViewTest.testWebViewNavigation(WebViewTest.java:17)
at java.base/java.util.ArrayList.forEach(ArrayList.java:1596)
... Removed 25 stack frames]]>
    </failure>
  </testcase> <!-- testWebViewNavigation -->
</testsuite> <!-- WebViewTest -->
